RegistrationSampleApp/build/outputs/logs/manifest-merger-release-report.txt
-- Merging decision tree log ---
manifest
ADDED from AndroidManifest.xml:2:1
	xmlns:android
		ADDED from AndroidManifest.xml:2:11
	package
		ADDED from AndroidManifest.xml:3:5
		INJECTED from AndroidManifest.xml:0:0
		INJECTED from AndroidManifest.xml:0:0
	android:versionName
		ADDED from AndroidManifest.xml:5:5
	android:versionCode
		ADDED from AndroidManifest.xml:4:5
		INJECTED from AndroidManifest.xml:0:0
		INJECTED from AndroidManifest.xml:0:0
uses-sdk
ADDED from AndroidManifest.xml:7:5
MERGED from RegistrationSampleApp:registrationApi:unspecified:7:5
MERGED from RegistrationSampleApp:jump:unspecified:5:5
MERGED from RegistrationSampleApp:localeMatch:unspecified:7:5
MERGED from com.android.support:support-v4:21.0.3:15:5
MERGED from RegistrationSampleApp:localeMatch:unspecified:7:5
MERGED from com.android.support:support-v4:21.0.3:15:5
MERGED from com.android.support:support-v4:21.0.3:15:5
	android:targetSdkVersion
		ADDED from AndroidManifest.xml:9:9
		INJECTED from AndroidManifest.xml:0:0
		INJECTED from AndroidManifest.xml:0:0
	android:minSdkVersion
		ADDED from AndroidManifest.xml:8:9
		INJECTED from AndroidManifest.xml:0:0
		INJECTED from AndroidManifest.xml:0:0
application
ADDED from AndroidManifest.xml:11:5
MERGED from RegistrationSampleApp:registrationApi:unspecified:21:5
MERGED from RegistrationSampleApp:localeMatch:unspecified:14:5
MERGED from com.android.support:support-v4:21.0.3:16:5
MERGED from RegistrationSampleApp:localeMatch:unspecified:14:5
MERGED from com.android.support:support-v4:21.0.3:16:5
MERGED from com.android.support:support-v4:21.0.3:16:5
	android:label
		ADDED from AndroidManifest.xml:15:9
	android:allowBackup
		ADDED from AndroidManifest.xml:13:9
	android:icon
		ADDED from AndroidManifest.xml:14:9
	android:theme
		ADDED from AndroidManifest.xml:16:9
	android:name
		ADDED from AndroidManifest.xml:12:9
activity#com.philips.cl.di.regsample.app.RegistrationSampleActivity
ADDED from AndroidManifest.xml:17:9
	android:label
		ADDED from AndroidManifest.xml:21:13
	android:configChanges
		ADDED from AndroidManifest.xml:19:13
	android:exported
		ADDED from AndroidManifest.xml:20:13
	android:name
		ADDED from AndroidManifest.xml:18:13
intent-filter#android.intent.action.MAIN+android.intent.category.LAUNCHER
ADDED from AndroidManifest.xml:22:13
action#android.intent.action.MAIN
ADDED from AndroidManifest.xml:23:17
	android:name
		ADDED from AndroidManifest.xml:23:25
category#android.intent.category.LAUNCHER
ADDED from AndroidManifest.xml:24:5
	android:name
		ADDED from AndroidManifest.xml:24:15
uses-permission#android.permission.INTERNET
ADDED from RegistrationSampleApp:registrationApi:unspecified:12:5
MERGED from RegistrationSampleApp:jump:unspecified:21:5
	android:name
		ADDED from RegistrationSampleApp:registrationApi:unspecified:12:22
uses-permission#android.permission.WRITE_EXTERNAL_STORAGE
ADDED from RegistrationSampleApp:registrationApi:unspecified:13:5
MERGED from RegistrationSampleApp:localeMatch:unspecified:11:5
MERGED from RegistrationSampleApp:localeMatch:unspecified:11:5
	android:name
		ADDED from RegistrationSampleApp:registrationApi:unspecified:13:22
uses-permission#android.permission.ACCESS_NETWORK_STATE
ADDED from RegistrationSampleApp:registrationApi:unspecified:14:5
	android:name
		ADDED from RegistrationSampleApp:registrationApi:unspecified:14:22
uses-permission#android.permission.GET_TASKS
ADDED from RegistrationSampleApp:registrationApi:unspecified:15:5
	android:name
		ADDED from RegistrationSampleApp:registrationApi:unspecified:15:22
uses-permission#android.permission.GET_ACCOUNTS
ADDED from RegistrationSampleApp:registrationApi:unspecified:16:5
	android:name
		ADDED from RegistrationSampleApp:registrationApi:unspecified:16:22
uses-permission#com.android.vending.CHECK_LICENSE
ADDED from RegistrationSampleApp:registrationApi:unspecified:17:5
	android:name
		ADDED from RegistrationSampleApp:registrationApi:unspecified:17:22
uses-permission#android.permission.WAKE_LOCK
ADDED from RegistrationSampleApp:registrationApi:unspecified:18:5
	android:name
		ADDED from RegistrationSampleApp:registrationApi:unspecified:18:22
uses-permission#android.permission.ACCESS_WIFI_STATE
ADDED from RegistrationSampleApp:registrationApi:unspecified:19:5
	android:name
		ADDED from RegistrationSampleApp:registrationApi:unspecified:19:22
activity#com.philips.cl.di.reg.ui.traditional.RegistrationActivity
ADDED from RegistrationSampleApp:registrationApi:unspecified:28:9
	android:configChanges
		ADDED from RegistrationSampleApp:registrationApi:unspecified:30:13
	android:name
		ADDED from RegistrationSampleApp:registrationApi:unspecified:29:13
activity#com.janrain.android.engage.ui.JRFragmentHostActivity
ADDED from RegistrationSampleApp:registrationApi:unspecified:34:9
	android:windowSoftInputMode
		ADDED from RegistrationSampleApp:registrationApi:unspecified:38:13
	android:configChanges
		ADDED from RegistrationSampleApp:registrationApi:unspecified:36:13
	android:theme
		ADDED from RegistrationSampleApp:registrationApi:unspecified:37:13
	android:name
		ADDED from RegistrationSampleApp:registrationApi:unspecified:35:13
activity#com.janrain.android.engage.ui.JRFragmentHostActivity$Fullscreen
ADDED from RegistrationSampleApp:registrationApi:unspecified:39:9
	android:windowSoftInputMode
		ADDED from RegistrationSampleApp:registrationApi:unspecified:43:13
	android:configChanges
		ADDED from RegistrationSampleApp:registrationApi:unspecified:41:13
	android:theme
		ADDED from RegistrationSampleApp:registrationApi:unspecified:42:13
	android:name
		ADDED from RegistrationSampleApp:registrationApi:unspecified:40:13
receiver#com.philips.cl.di.reg.ui.utils.NetworkUtility$NetworkStateReceiver
ADDED from RegistrationSampleApp:registrationApi:unspecified:49:9
	android:name
		ADDED from RegistrationSampleApp:registrationApi:unspecified:49:19
intent-filter#android.net.conn.CONNECTIVITY_CHANGE
ADDED from RegistrationSampleApp:registrationApi:unspecified:50:13
action#android.net.conn.CONNECTIVITY_CHANGE
ADDED from RegistrationSampleApp:registrationApi:unspecified:51:17
	android:name
		ADDED from RegistrationSampleApp:registrationApi:unspecified:51:25
uses-permission#android.permission.READ_EXTERNAL_STORAGE
ADDED from RegistrationSampleApp:localeMatch:unspecified:12:5
MERGED from RegistrationSampleApp:localeMatch:unspecified:12:5
	android:name
		ADDED from RegistrationSampleApp:localeMatch:unspecified:12:22
android:uses-permission#android.permission.READ_EXTERNAL_STORAGE
IMPLIED from AndroidManifest.xml:2:1 reason: com.philips.cl.di.localematch requested WRITE_EXTERNAL_STORAGE